[Params]
	WndTitle   = SystemSoft Setup
	WndMess    = Initializing Setup...
	TmpDirSize = 500
	TmpDirName = ~msstfqf.t
	CmdLine    = _mstest cardview.mst /C "/S %s %s"
	DrvModName = DSHELL

[Files]
        cardview\cardview.ms_ = cardview.mst
        cardview\cardview.inf = cardview.inf
        cardview\setupapi.in_ = setupapi.inc
        cardview\msdetect.in_ = msdetect.inc
        cardview\mscomstf.dl_ = mscomstf.dll
        cardview\msinsstf.dl_ = msinsstf.dll
        cardview\msuilstf.dl_ = msuilstf.dll
        cardview\msshlstf.dl_ = msshlstf.dll
        cardview\mscuistf.dl_ = mscuistf.dll
        cardview\msdetstf.dl_ = msdetstf.dll
        cardview\_mstest.ex_  = _mstest.exe
        cardview\_mssetup.ex_ = _mssetup.exe

