--- Log started: 06/18/15 23:16:15
Initializing...
Log file       : C:\Users\User\Desktop\x301DualIDABIOS\32bit\PHLASH.LOG
Settings file  : C:\Users\User\Desktop\x301DualIDABIOS\32bit\PHLASH.INI (found)
Executable     : C:\Users\User\Desktop\x301DualIDABIOS\32bit\WinPhlash.exe
    Version    : 1.7.16.0    Build      : WinPhlash
    Date       : 6/19/2015
Resource file  : C:\Users\User\Desktop\x301DualIDABIOS\32bit\PHLASHLC.DLL (loaded)
Help file      : C:\Users\User\Desktop\x301DualIDABIOS\32bit\WINPHLASH.HLP
App name       : Phoenix WinPhlash
OS Information : Windows NT 6.1.7601 Service Pack 1 - supported
isNT_AUTHORITY_SYSTEM_account: User. => False.
gVBL_Flag = False(0h).
--- Log stopped: 06/18/15 23:16:25

--- Log started: 06/18/15 23:16:29
Initializing...
Log file       : C:\Users\User\Desktop\x301DualIDABIOS\32bit\PHLASH.LOG
Settings file  : C:\Users\User\Desktop\x301DualIDABIOS\32bit\PHLASH.INI (found)
Executable     : C:\Users\User\Desktop\x301DualIDABIOS\32bit\WinPhlash.exe
    Version    : 1.7.16.0    Build      : WinPhlash
    Date       : 6/19/2015
Resource file  : C:\Users\User\Desktop\x301DualIDABIOS\32bit\PHLASHLC.DLL (loaded)
Help file      : C:\Users\User\Desktop\x301DualIDABIOS\32bit\WINPHLASH.HLP
App name       : Phoenix WinPhlash
OS Information : Windows NT 6.1.7601 Service Pack 1 - supported
isNT_AUTHORITY_SYSTEM_account: User. => False.
gVBL_Flag = False(0h).
--- Log stopped: 06/18/15 23:16:32

