
PKUNZIP (R)   FAST!   Extract Utility    Version 2.01   03-15-92     
Copr. 1989-1992 PKWARE Inc. All Rights Reserved. PKUNZIP/h for help
PKUNZIP Reg. U.S. Pat. and Tm. Off.

Searching ZIP: TRAFMON.ZIP

 Length  Method   Size  Ratio   Date    Time    CRC-32  Attr  Name
 ------  ------   ----- -----   ----    ----   -------- ----  ----
   2924  A-Norm    1177  60%  17-09-93  18:53  82514418 --w-  PACKET.INC
  26060  A-Norm    3623  87%  08-10-93  12:51  48e8282c --w-  PKTDRVR.PAS
  12240  A-Norm    6143  50%  08-10-93  12:57  cfb7adae --w-  PKTDRVR.TPU
   2713  A-Norm     760  72%  21-09-93  23:04  1a7fb782 --w-  TIMER.PAS
   3136  A-Norm    1486  53%  08-10-93  12:57  1ebb2ab8 --w-  TIMER.TPU
  11104  A-Norm    7311  35%  08-10-93  12:57  6fb62269 --w-  TRAFMON.EXE
  12960  A-Norm    3205  76%  28-09-93  20:00  067cc72c --w-  TRAFMON.PAS
   1628  A-Norm     770  53%  08-10-93  08:49  f47b5a3c --w-  TRAFMON.TXT
 ------          ------  ---                                  -------
  72765           24475  67%                                        8

Searching ZIP: TRAFGEN.ZIP

 Length  Method   Size  Ratio   Date    Time    CRC-32  Attr  Name
 ------  ------   ----- -----   ----    ----   -------- ----  ----
   2924  A-Norm    1177  60%  17-09-93  18:53  82514418 --w-  PACKET.INC
  26060  A-Norm    3623  87%  08-10-93  12:51  48e8282c --w-  PKTDRVR.PAS
  12240  A-Norm    6143  50%  08-10-93  12:55  cfb7adae --w-  PKTDRVR.TPU
    153  A-Norm     148   4%  08-10-93  12:47  29e35b4f --w-  TRAFGEN.DAT
   9232  A-Norm    5855  37%  08-10-93  12:55  cb2186b0 --w-  TRAFGEN.EXE
  10639  A-Norm    2736  75%  08-10-93  12:53  9c39e9ea --w-  TRAFGEN.PAS
   3031  A-Norm    1341  56%  08-10-93  08:50  3fc0b7cb --w-  TRAFGEN.TXT
 ------          ------  ---                                  -------
  64279           21023  68%                                        7

Searching ZIP: PKTDRVR.ZIP

 Length  Method   Size  Ratio   Date    Time    CRC-32  Attr  Name
 ------  ------   ----- -----   ----    ----   -------- ----  ----
  26060  A-Norm    3623  87%  08-10-93  12:51  48e8282c --w-  PKTDRVR.PAS
  11892  A-Norm    4098  66%  08-10-93  08:45  3576ae1f --w-  PKTDRVR.TXT
   2924  A-Norm    1177  60%  17-09-93  18:53  82514418 --w-  PACKET.INC
  13645  A-Norm    4082  71%  08-10-93  12:44  f6a3dfe0 --w-  MAC.TXT
   7514  A-Norm    2443  68%  03-10-93  17:44  e03de1e8 --w-  ETHERNET.TYP
   2397  A-Norm     964  60%  03-10-93  13:01  9978473a --w-  ETHERNET.VND
 ------          ------  ---                                  -------
  64432           16387  75%                                        6
